
> ai-learning-platform-next@0.1.0 typecheck
> tsc --noEmit

app/learning/[courseId]/page.tsx(77,44): error TS2339: Property 'completed' does not exist on type '{}'.
app/learning/[courseId]/page.tsx(84,44): error TS2345: Argument of type 'unknown' is not assignable to parameter of type 'string'.
app/learning/[courseId]/page.tsx(93,5): error TS18046: 'genre.themes' is of type 'unknown'.
app/learning/[courseId]/page.tsx(94,24): error TS18046: 'theme.sessions' is of type 'unknown'.
app/learning/[courseId]/page.tsx(95,7): error TS18046: 'theme.sessions' is of type 'unknown'.
app/learning/[courseId]/page.tsx(96,32): error TS2345: Argument of type 'unknown' is not assignable to parameter of type 'string'.
app/learning/[courseId]/page.tsx(175,32): error TS18046: 'categoryInfo.uniqueMainCategories' is of type 'unknown'.
app/learning/[courseId]/page.tsx(182,21): error TS2322: Type 'unknown[]' is not assignable to type 'ReactNode'.
  Type 'unknown[]' is not assignable to type 'Iterable<ReactNode>'.
    The types returned by '[Symbol.iterator]().next(...)' are incompatible between these types.
      Type 'IteratorResult<unknown, undefined>' is not assignable to type 'IteratorResult<ReactNode, any>'.
        Type 'IteratorYieldResult<unknown>' is not assignable to type 'IteratorResult<ReactNode, any>'.
          Type 'IteratorYieldResult<unknown>' is not assignable to type 'IteratorYieldResult<ReactNode>'.
            Type 'unknown' is not assignable to type 'ReactNode'.
app/learning/[courseId]/page.tsx(189,59): error TS2339: Property 'color' does not exist on type '{}'.
app/learning/[courseId]/page.tsx(190,53): error TS2339: Property 'color' does not exist on type '{}'.
app/learning/[courseId]/page.tsx(193,45): error TS2339: Property 'icon' does not exist on type '{}'.
app/learning/[courseId]/page.tsx(193,88): error TS2339: Property 'name' does not exist on type '{}'.
app/learning/[courseId]/page.tsx(206,54): error TS2345: Argument of type 'LearningGenre' is not assignable to parameter of type 'Record<string, unknown>'.
  Index signature for type 'string' is missing in type 'LearningGenre'.
app/learning/[courseId]/page.tsx(271,84): error TS2345: Argument of type 'LearningSession[]' is not assignable to parameter of type 'Record<string, unknown>[]'.
  Type 'LearningSession' is not assignable to type 'Record<string, unknown>'.
    Index signature for type 'string' is missing in type 'LearningSession'.
app/learning/page.tsx(119,50): error TS18046: 'coursesData' is of type 'unknown'.
app/learning/page.tsx(147,30): error TS2345: Argument of type 'unknown' is not assignable to parameter of type 'SetStateAction<{ totalSessionsCompleted: number; totalAvailableSessions: number; totalTimeSpent: number; currentStreak: number; lastLearningDate: null; }>'.
app/learning/page.tsx(148,27): error TS2345: Argument of type 'unknown' is not assignable to parameter of type 'SetStateAction<{ total: number; active: number; expired: number; expiringSoon: number; }>'.
app/learning/page.tsx(311,21): error TS2322: Type 'unknown' is not assignable to type 'Key | null | undefined'.
app/learning/page.tsx(312,21): error TS2740: Type 'Record<string, unknown>' is missing the following properties from type '{ id: string; title: string; description: string; estimatedDays: number; difficulty: "basic" | "intermediate" | "advanced" | "expert"; icon: string; color: string; displayOrder: number; genreCount: number; themeCount: number; status: "available" | ... 1 more ... | "draft"; genres?: unknown[] | undefined; }': id, title, description, estimatedDays, and 7 more.
app/learning/page.tsx(333,21): error TS2322: Type 'unknown' is not assignable to type 'Key | null | undefined'.
app/learning/page.tsx(334,21): error TS2740: Type 'Record<string, unknown>' is missing the following properties from type '{ id: string; title: string; description: string; estimatedDays: number; difficulty: "basic" | "intermediate" | "advanced" | "expert"; icon: string; color: string; displayOrder: number; genreCount: number; themeCount: number; status: "available" | ... 1 more ... | "draft"; genres?: unknown[] | undefined; }': id, title, description, estimatedDays, and 7 more.
app/login/page.tsx(68,36): error TS2339: Property 'message' does not exist on type '{}'.
app/login/page.tsx(108,19): error TS2339: Property 'message' does not exist on type '{}'.
app/onboarding/page.tsx(313,48): error TS2345: Argument of type '(prev: OnboardingData) => { weeklyGoal: unknown; industry?: string | undefined; jobTitle?: string | undefined; experienceYears?: number | undefined; learningGoals?: string[] | undefined; }' is not assignable to parameter of type 'SetStateAction<OnboardingData>'.
  Type '(prev: OnboardingData) => { weeklyGoal: unknown; industry?: string | undefined; jobTitle?: string | undefined; experienceYears?: number | undefined; learningGoals?: string[] | undefined; }' is not assignable to type '(prevState: OnboardingData) => OnboardingData'.
    Call signature return types '{ weeklyGoal: unknown; industry?: string | undefined; jobTitle?: string | undefined; experienceYears?: number | undefined; learningGoals?: string[] | undefined; }' and 'OnboardingData' are incompatible.
      The types of 'weeklyGoal' are incompatible between these types.
        Type 'unknown' is not assignable to type '"light" | "medium" | "heavy" | undefined'.
app/skp-history/page.tsx(46,27): error TS2345: Argument of type 'SKPTransaction[]' is not assignable to parameter of type 'SetStateAction<Record<string, unknown>[]>'.
  Type 'SKPTransaction[]' is not assignable to type 'Record<string, unknown>[]'.
    Type 'SKPTransaction' is not assignable to type 'Record<string, unknown>'.
      Index signature for type 'string' is missing in type 'SKPTransaction'.
app/skp-history/page.tsx(92,67): error TS18046: 't.amount' is of type 'unknown'.
app/skp-history/page.tsx(95,65): error TS18046: 't.amount' is of type 'unknown'.
app/skp-history/page.tsx(263,44): error TS2769: No overload matches this call.
  Overload 1 of 4, '(value: string | number | Date): Date', gave the following error.
    Argument of type 'unknown' is not assignable to parameter of type 'string | number | Date'.
  Overload 2 of 4, '(value: string | number): Date', gave the following error.
    Argument of type 'unknown' is not assignable to parameter of type 'string | number'.
app/skp-history/page.tsx(263,78): error TS2769: No overload matches this call.
  Overload 1 of 4, '(value: string | number | Date): Date', gave the following error.
    Argument of type 'unknown' is not assignable to parameter of type 'string | number | Date'.
  Overload 2 of 4, '(value: string | number): Date', gave the following error.
    Argument of type 'unknown' is not assignable to parameter of type 'string | number'.
app/skp-history/page.tsx(266,23): error TS2322: Type 'unknown' is not assignable to type 'Key | null | undefined'.
app/skp-history/page.tsx(270,45): error TS2345: Argument of type 'unknown' is not assignable to parameter of type 'string'.
app/skp-history/page.tsx(274,66): error TS2322: Type 'unknown' is not assignable to type 'ReactNode'.
app/skp-history/page.tsx(277,73): error TS2345: Argument of type 'unknown' is not assignable to parameter of type 'string'.
app/skp-history/page.tsx(279,31): error TS2322: Type 'unknown' is not assignable to type 'ReactNode'.
app/skp-history/page.tsx(288,47): error TS2345: Argument of type 'unknown' is not assignable to parameter of type 'string'.
app/skp-history/page.tsx(293,80): error TS2345: Argument of type 'unknown' is not assignable to parameter of type 'string'.
app/skp-history/page.tsx(294,68): error TS2322: Type 'unknown' is not assignable to type 'ReactNode'.
components/analytics/SkillRadarChart.tsx(55,23): error TS18046: 'context' is of type 'unknown'.
components/analytics/SkillRadarChart.tsx(55,49): error TS18046: 'context' is of type 'unknown'.
components/auth/AuthProvider.tsx(151,96): error TS2339: Property 'message' does not exist on type '{}'.
components/auth/AuthProvider.tsx(162,15): error TS2739: Type '{}' is missing the following properties from type 'Session': access_token, refresh_token, expires_in, token_type, user
components/auth/AuthProvider.tsx(253,32): error TS2339: Property 'expires_at' does not exist on type '{}'.
components/auth/AuthProvider.tsx(255,37): error TS2339: Property 'expires_at' does not exist on type '{}'.
components/auth/AuthProvider.tsx(302,15): error TS2339: Property 'error' does not exist on type 'unknown'.
components/cards/KnowledgeCard.tsx(15,10): error TS2865: Import 'KnowledgeCard' conflicts with local value, so must be declared with a type-only import when 'isolatedModules' is enabled.
components/categories/CategoryGrid.tsx(57,25): error TS2345: Argument of type 'Question[]' is not assignable to parameter of type 'SetStateAction<Record<string, unknown>[]>'.
  Type 'Question[]' is not assignable to type 'Record<string, unknown>[]'.
    Type 'Question' is not assignable to type 'Record<string, unknown>'.
      Index signature for type 'string' is missing in type 'Question'.
components/categories/CategoryGrid.tsx(59,26): error TS2345: Argument of type 'SkillLevelDefinition[]' is not assignable to parameter of type 'SetStateAction<SkillLevel[]>'.
  Type 'SkillLevelDefinition[]' is not assignable to type 'SkillLevel[]'.
    Type 'SkillLevelDefinition' is not assignable to type 'SkillLevel'.
components/categories/CategoryGrid.tsx(64,26): error TS2345: Argument of type 'SkillLevelDefinition[]' is not assignable to parameter of type 'SetStateAction<SkillLevel[]>'.
  Type 'SkillLevelDefinition[]' is not assignable to type 'SkillLevel[]'.
    Type 'SkillLevelDefinition' is not assignable to type 'SkillLevel'.
components/categories/CategoryGrid.tsx(108,16): error TS2538: Type 'unknown' cannot be used as an index type.
components/categories/CategoryGrid.tsx(109,13): error TS2538: Type 'unknown' cannot be used as an index type.
components/categories/CategoryGrid.tsx(111,11): error TS2538: Type 'unknown' cannot be used as an index type.
components/categories/CategoryGrid.tsx(121,63): error TS2339: Property 'length' does not exist on type '{}'.
components/categories/CategoryGrid.tsx(132,30): error TS2571: Object is of type 'unknown'.
components/categories/CategoryGrid.tsx(244,34): error TS2339: Property 'id' does not exist on type 'SkillLevel | SkillLevelDefinition'.
  Property 'id' does not exist on type '"basic"'.
components/categories/CategoryGrid.tsx(245,61): error TS2339: Property 'id' does not exist on type 'SkillLevel | SkillLevelDefinition'.
  Property 'id' does not exist on type '"basic"'.
components/categories/CategoryGrid.tsx(247,66): error TS2339: Property 'id' does not exist on type 'SkillLevel | SkillLevelDefinition'.
  Property 'id' does not exist on type '"basic"'.
components/categories/CategoryGrid.tsx(249,30): error TS2339: Property 'name' does not exist on type 'SkillLevel | SkillLevelDefinition'.
  Property 'name' does not exist on type '"basic"'.
components/categories/CategoryGrid.tsx(301,89): error TS18046: 'stat.totalContents' is of type 'unknown'.
components/categories/CategoryGrid.tsx(305,36): error TS18046: 'stat.totalContents' is of type 'unknown'.
components/categories/CategoryGrid.tsx(305,62): error TS18046: 'stat.completedContents' is of type 'unknown'.
components/categories/CategoryGrid.tsx(305,87): error TS18046: 'stat.totalContents' is of type 'unknown'.
components/categories/CategoryGrid.tsx(344,19): error TS2322: Type 'Record<string, unknown> | { totalContents: number; completedContents: number; averageScore: number; learningTime: number; }' is not assignable to type '{ totalContents: number; completedContents: number; averageScore: number; learningTime: number; } | undefined'.
  Type 'Record<string, unknown>' is missing the following properties from type '{ totalContents: number; completedContents: number; averageScore: number; learningTime: number; }': totalContents, completedContents, averageScore, learningTime
components/categories/CategoryGrid.tsx(365,19): error TS2322: Type 'Record<string, unknown> | { totalContents: number; completedContents: number; averageScore: number; learningTime: number; }' is not assignable to type '{ totalContents: number; completedContents: number; averageScore: number; learningTime: number; } | undefined'.
  Type 'Record<string, unknown>' is missing the following properties from type '{ totalContents: number; completedContents: number; averageScore: number; learningTime: number; }': totalContents, completedContents, averageScore, learningTime
components/learning/CourseCard.tsx(74,65): error TS2345: Argument of type '{ id: string; title: string; description: string; estimatedDays: number; difficulty: "basic" | "intermediate" | "advanced" | "expert"; icon: string; color: string; displayOrder: number; genreCount: number; themeCount: number; status: "available" | ... 1 more ... | "draft"; genres?: unknown[] | undefined; }' is not assignable to parameter of type 'LearningCourse'.
  Types of property 'genres' are incompatible.
    Type 'unknown[] | undefined' is not assignable to type 'LearningGenre[]'.
      Type 'undefined' is not assignable to type 'LearningGenre[]'.
components/learning/CourseCard.tsx(140,17): error TS18046: 'cat' is of type 'unknown'.
components/learning/CourseCard.tsx(146,36): error TS18046: 'cat' is of type 'unknown'.
components/learning/CourseCard.tsx(147,30): error TS18046: 'cat' is of type 'unknown'.
components/learning/CourseCard.tsx(148,40): error TS18046: 'cat' is of type 'unknown'.
components/learning/CourseCard.tsx(152,22): error TS18046: 'cat' is of type 'unknown'.
components/learning/CourseCard.tsx(152,41): error TS18046: 'cat' is of type 'unknown'.
components/learning/LearningSession.tsx(238,46): error TS2339: Property 'completed' does not exist on type '{}'.
components/learning/LearningSession.tsx(258,27): error TS2345: Argument of type '{}' is not assignable to parameter of type 'SetStateAction<Record<string, unknown> | null>'.
components/learning/LearningSession.tsx(339,50): error TS2339: Property 'icon' does not exist on type 'LearningSession'.
components/learning/LearningSession.tsx(345,13): error TS2322: Type 'void' is not assignable to type 'ReactNode'.
components/learning/LearningSession.tsx(346,13): error TS2322: Type 'void' is not assignable to type 'ReactNode'.
components/learning/LearningSession.tsx(356,13): error TS2322: Type 'void' is not assignable to type 'ReactNode'.
components/learning/LearningSession.tsx(363,29): error TS2339: Property 'icon' does not exist on type 'LearningSession'.
components/learning/LearningSession.tsx(370,27): error TS18046: 'contentItem' is of type 'unknown'.
components/learning/LearningSession.tsx(371,20): error TS18046: 'contentItem' is of type 'unknown'.
components/learning/LearningSession.tsx(373,24): error TS18046: 'contentItem' is of type 'unknown'.
components/learning/LearningSession.tsx(377,20): error TS18046: 'contentItem' is of type 'unknown'.
components/learning/LearningSession.tsx(379,24): error TS18046: 'contentItem' is of type 'unknown'.
components/learning/LearningSession.tsx(389,20): error TS18046: 'contentItem' is of type 'unknown'.
components/learning/LearningSession.tsx(392,26): error TS18046: 'contentItem' is of type 'unknown'.
components/learning/LearningSession.tsx(404,20): error TS18046: 'contentItem' is of type 'unknown'.
components/learning/LearningSession.tsx(407,26): error TS18046: 'contentItem' is of type 'unknown'.
components/learning/LearningSession.tsx(636,29): error TS2769: No overload matches this call.
  Overload 1 of 4, '(value: string | number | Date): Date', gave the following error.
    Argument of type 'unknown' is not assignable to parameter of type 'string | number | Date'.
  Overload 2 of 4, '(value: string | number): Date', gave the following error.
    Argument of type 'unknown' is not assignable to parameter of type 'string | number'.
components/learning/LearningSession.tsx(645,63): error TS18046: 'badgeAwarded.badge' is of type 'unknown'.
components/learning/LearningSession.tsx(647,18): error TS18046: 'badgeAwarded.badge' is of type 'unknown'.
components/learning/LearningSession.tsx(650,23): error TS18046: 'badgeAwarded.earnedAt' is of type 'unknown'.
components/learning/LearningSession.tsx(652,15): error TS2322: Type 'unknown' is not assignable to type 'ReactNode'.
components/learning/LearningSession.tsx(654,49): error TS2339: Property 'toLocaleDateString' does not exist on type '{}'.
components/learning/LearningSession.tsx(658,27): error TS2769: No overload matches this call.
  Overload 1 of 4, '(value: string | number | Date): Date', gave the following error.
    Argument of type 'unknown' is not assignable to parameter of type 'string | number | Date'.
  Overload 2 of 4, '(value: string | number): Date', gave the following error.
    Argument of type 'unknown' is not assignable to parameter of type 'string | number'.
components/quiz/QuizSession.tsx(214,42): error TS2339: Property 'categoryProgress' does not exist on type 'UserProfile'.
components/quiz/QuizSession.tsx(215,49): error TS7006: Parameter 'cp' implicitly has an 'any' type.
components/quiz/QuizSession.tsx(295,7): error TS2322: Type 'number' is not assignable to type 'string'.
components/quiz/QuizSession.tsx(442,17): error TS2322: Type 'string | undefined' is not assignable to type 'string'.
  Type 'undefined' is not assignable to type 'string'.
components/quiz/QuizSession.tsx(443,17): error TS2322: Type 'null' is not assignable to type 'string | undefined'.
components/quiz/QuizSession.tsx(444,17): error TS2322: Type 'Question[]' is not assignable to type 'Record<string, unknown>[]'.
  Type 'Question' is not assignable to type 'Record<string, unknown>'.
    Index signature for type 'string' is missing in type 'Question'.
components/quiz/QuizSession.tsx(445,17): error TS2322: Type 'QuestionAnswer[]' is not assignable to type 'Record<string, unknown>[]'.
  Type 'QuestionAnswer' is not assignable to type 'Record<string, unknown>'.
    Index signature for type 'string' is missing in type 'QuestionAnswer'.
components/quiz/QuizSession.tsx(456,24): error TS18046: 'quizSaveError' is of type 'unknown'.
components/quiz/QuizSession.tsx(457,26): error TS18046: 'quizSaveError' is of type 'unknown'.
components/quiz/QuizSession.tsx(488,26): error TS18046: 'detailSaveError' is of type 'unknown'.
components/quiz/QuizSession.tsx(489,28): error TS18046: 'detailSaveError' is of type 'unknown'.
components/ui/select.tsx(113,36): error TS18046: 'option.props' is of type 'unknown'.
components/ui/select.tsx(114,12): error TS18046: 'option.props' is of type 'unknown'.
hooks/useUser.ts(48,34): error TS2345: Argument of type 'string | undefined' is not assignable to parameter of type 'string'.
  Type 'undefined' is not assignable to type 'string'.
hooks/useUser.ts(51,13): error TS2345: Argument of type '{ id?: string | undefined; name?: string | undefined; email?: string; auth?: AuthInfo | undefined; profile?: UserProfile; progress?: { currentLevel: number; ... 5 more ...; lastLearningDate?: string; } | undefined; ... 5 more ...; lastActiveAt?: string | undefined; }' is not assignable to parameter of type 'SetStateAction<StorageUser | null>'.
  Type '{ id?: string | undefined; name?: string | undefined; email?: string; auth?: AuthInfo | undefined; profile?: UserProfile; progress?: { currentLevel: number; ... 5 more ...; lastLearningDate?: string; } | undefined; ... 5 more ...; lastActiveAt?: string | undefined; }' is not assignable to type 'StorageUser'.
    Types of property 'id' are incompatible.
      Type 'string | undefined' is not assignable to type 'string'.
        Type 'undefined' is not assignable to type 'string'.
hooks/useUser.ts(52,18): error TS2345: Argument of type '{ id?: string | undefined; name?: string | undefined; email?: string; auth?: AuthInfo | undefined; profile?: UserProfile; progress?: { currentLevel: number; ... 5 more ...; lastLearningDate?: string; } | undefined; ... 5 more ...; lastActiveAt?: string | undefined; }' is not assignable to parameter of type 'StorageUser'.
  Types of property 'id' are incompatible.
    Type 'string | undefined' is not assignable to type 'string'.
      Type 'undefined' is not assignable to type 'string'.
lib/ai-analytics.ts(138,9): error TS2322: Type 'unknown' is not assignable to type 'LearningPattern'.
lib/ai-analytics.ts(191,55): error TS18046: 'record' is of type 'unknown'.
lib/ai-analytics.ts(195,27): error TS18046: 'record' is of type 'unknown'.
lib/ai-analytics.ts(197,27): error TS18046: 'record' is of type 'unknown'.
lib/ai-analytics.ts(198,26): error TS18046: 'record' is of type 'unknown'.
lib/ai-analytics.ts(199,26): error TS18046: 'record' is of type 'unknown'.
lib/ai-analytics.ts(200,26): error TS18046: 'record' is of type 'unknown'.
lib/ai-analytics.ts(203,82): error TS18046: 'record' is of type 'unknown'.
lib/ai-analytics.ts(219,67): error TS18046: 'session' is of type 'unknown'.
lib/ai-analytics.ts(222,36): error TS18046: 'session' is of type 'unknown'.
lib/ai-analytics.ts(225,34): error TS18046: 'session' is of type 'unknown'.
lib/ai-analytics.ts(228,47): error TS18046: 'session' is of type 'unknown'.
lib/ai-analytics.ts(229,31): error TS18046: 'session' is of type 'unknown'.
lib/ai-analytics.ts(230,30): error TS18046: 'session' is of type 'unknown'.
lib/ai-analytics.ts(234,89): error TS18046: 'session' is of type 'unknown'.
lib/ai-analytics.ts(253,19): error TS18046: 'session' is of type 'unknown'.
lib/ai-analytics.ts(417,7): error TS2322: Type '{ key: unknown; value: number; }[]' is not assignable to type '{ key: number; value: number; }[]'.
  Type '{ key: unknown; value: number; }' is not assignable to type '{ key: number; value: number; }'.
    Types of property 'key' are incompatible.
      Type 'unknown' is not assignable to type 'number'.
lib/ai-analytics.ts(452,7): error TS2322: Type '{ key: unknown; value: number; }[]' is not assignable to type '{ key: number; value: number; }[]'.
  Type '{ key: unknown; value: number; }' is not assignable to type '{ key: number; value: number; }'.
    Types of property 'key' are incompatible.
      Type 'unknown' is not assignable to type 'number'.
lib/ai-analytics.ts(586,7): error TS2322: Type '{ key: unknown; value: number; }[]' is not assignable to type '{ key: string; value: number; }[]'.
  Type '{ key: unknown; value: number; }' is not assignable to type '{ key: string; value: number; }'.
    Types of property 'key' are incompatible.
      Type 'unknown' is not assignable to type 'string'.
lib/ai-analytics.ts(804,16): error TS2532: Object is possibly 'undefined'.
lib/ai-analytics.ts(806,16): error TS2532: Object is possibly 'undefined'.
lib/ai-analytics.ts(808,16): error TS2532: Object is possibly 'undefined'.
lib/categories-backup.ts(59,5): error TS2322: Type '"analytical_problem_solving"' is not assignable to type 'MainCategoryId'.
lib/categories-backup.ts(73,5): error TS2322: Type '"leadership_management"' is not assignable to type 'MainCategoryId'.
lib/categories-backup.ts(87,5): error TS2322: Type '"business_strategy"' is not assignable to type 'MainCategoryId'.
lib/categories.ts(516,3): error TS2322: Type '{ id: MainCategoryId | IndustryCategoryId; name: string; description: string; type: "main" | "industry"; displayOrder: number; subcategories: string[]; icon: string; color: string; isActive: boolean; isVisible: boolean; }' is not assignable to type 'MainCategory | IndustryCategory'.
  Type '{ id: MainCategoryId | IndustryCategoryId; name: string; description: string; type: "main" | "industry"; displayOrder: number; subcategories: string[]; icon: string; color: string; isActive: boolean; isVisible: boolean; }' is not assignable to type 'IndustryCategory'.
    Types of property 'id' are incompatible.
      Type 'MainCategoryId | IndustryCategoryId' is not assignable to type 'IndustryCategoryId'.
        Type '"communication_presentation"' is not assignable to type 'IndustryCategoryId'.
lib/categories.ts(583,5): error TS2322: Type 'string' is not assignable to type 'SkillLevel'.
lib/categories.ts(626,5): error TS2353: Object literal may only specify known properties, and 'parentCategoryId' does not exist in type 'Subcategory'.
lib/categories.ts(870,3): error TS1117: An object literal cannot have multiple properties with the same name.
lib/categories.ts(906,3): error TS2322: Type '{ id: string; name: string; description: string; parentCategoryId: string; displayOrder: number; icon: string; }[]' is not assignable to type 'Subcategory[]'.
  Type '{ id: string; name: string; description: string; parentCategoryId: string; displayOrder: number; icon: string; }' is missing the following properties from type 'Subcategory': type, parentId
lib/categories.ts(1001,5): error TS2353: Object literal may only specify known properties, and 'parentCategoryId' does not exist in type 'Subcategory'.
lib/categories.ts(1009,5): error TS2353: Object literal may only specify known properties, and 'parentCategoryId' does not exist in type 'Subcategory'.
lib/categories.ts(1017,5): error TS2353: Object literal may only specify known properties, and 'parentCategoryId' does not exist in type 'Subcategory'.
lib/categories.ts(1027,5): error TS2353: Object literal may only specify known properties, and 'parentCategoryId' does not exist in type 'Subcategory'.
lib/categories.ts(1035,5): error TS2353: Object literal may only specify known properties, and 'parentCategoryId' does not exist in type 'Subcategory'.
lib/categories.ts(1043,5): error TS2353: Object literal may only specify known properties, and 'parentCategoryId' does not exist in type 'Subcategory'.
lib/categories.ts(1053,5): error TS2353: Object literal may only specify known properties, and 'parentCategoryId' does not exist in type 'Subcategory'.
lib/categories.ts(1061,5): error TS2353: Object literal may only specify known properties, and 'parentCategoryId' does not exist in type 'Subcategory'.
lib/categories.ts(1069,5): error TS2353: Object literal may only specify known properties, and 'parentCategoryId' does not exist in type 'Subcategory'.
lib/categories.ts(1079,5): error TS2353: Object literal may only specify known properties, and 'parentCategoryId' does not exist in type 'Subcategory'.
lib/categories.ts(1087,5): error TS2353: Object literal may only specify known properties, and 'parentCategoryId' does not exist in type 'Subcategory'.
lib/categories.ts(1095,5): error TS2353: Object literal may only specify known properties, and 'parentCategoryId' does not exist in type 'Subcategory'.
lib/course-completion.ts(42,43): error TS2339: Property 'completed' does not exist on type '{}'.
lib/course-completion.ts(104,56): error TS2339: Property 'badge' does not exist on type 'LearningCourse'.
lib/course-completion.ts(105,27): error TS2339: Property 'badge' does not exist on type 'LearningCourse'.
lib/course-completion.ts(106,30): error TS2339: Property 'badge' does not exist on type 'LearningCourse'.
lib/course-completion.ts(107,36): error TS2339: Property 'badge' does not exist on type 'LearningCourse'.
lib/course-completion.ts(108,29): error TS2339: Property 'badge' does not exist on type 'LearningCourse'.
lib/course-completion.ts(109,30): error TS2339: Property 'badge' does not exist on type 'LearningCourse'.
lib/course-completion.ts(110,38): error TS2339: Property 'badge' does not exist on type 'LearningCourse'.
lib/course-completion.ts(112,45): error TS2339: Property 'badge' does not exist on type 'LearningCourse'.
lib/course-completion.ts(119,31): error TS2345: Argument of type '"basic" | "intermediate" | "advanced" | "expert"' is not assignable to parameter of type '"beginner" | "intermediate" | "advanced"'.
  Type '"basic"' is not assignable to type '"beginner" | "intermediate" | "advanced"'.
lib/course-completion.ts(122,49): error TS2345: Argument of type '"basic" | "intermediate" | "advanced" | "expert"' is not assignable to parameter of type '"beginner" | "intermediate" | "advanced"'.
  Type '"basic"' is not assignable to type '"beginner" | "intermediate" | "advanced"'.
lib/course-completion.ts(214,43): error TS2339: Property 'completed' does not exist on type '{}'.
lib/course-completion.ts(257,43): error TS2339: Property 'completed' does not exist on type '{}'.
lib/industry-analytics.ts(153,9): error TS18046: 'p' is of type 'unknown'.
lib/industry-analytics.ts(154,9): error TS18046: 'p' is of type 'unknown'.
lib/industry-analytics.ts(167,90): error TS18046: 'p' is of type 'unknown'.
lib/industry-analytics.ts(178,57): error TS18046: 'p' is of type 'unknown'.
lib/industry-analytics.ts(429,57): error TS18046: 'gap' is of type 'unknown'.
lib/industry-analytics.ts(430,59): error TS18046: 'gap' is of type 'unknown'.
lib/industry-analytics.ts(438,57): error TS18046: 'gap' is of type 'unknown'.
lib/industry-analytics.ts(452,51): error TS18046: 'gap' is of type 'unknown'.
lib/industry-analytics.ts(453,56): error TS18046: 'gap' is of type 'unknown'.
lib/learning/courses.ts(27,9): error TS2741: Property 'difficulty' is missing in type '{ id: string; title: string; description: string; icon: string; color: string; }' but required in type 'LearningBadge'.
lib/learning/courses.ts(486,9): error TS2741: Property 'difficulty' is missing in type '{ id: string; title: string; description: string; icon: string; color: string; }' but required in type 'LearningBadge'.
lib/learning/courses.ts(666,9): error TS2741: Property 'difficulty' is missing in type '{ id: string; title: string; description: string; icon: string; color: string; }' but required in type 'LearningBadge'.
lib/learning/courses.ts(685,9): error TS2741: Property 'difficulty' is missing in type '{ id: string; title: string; description: string; icon: string; color: string; }' but required in type 'LearningBadge'.
lib/learning/courses.ts(763,9): error TS2741: Property 'difficulty' is missing in type '{ id: string; title: string; description: string; icon: string; color: string; }' but required in type 'LearningBadge'.
lib/learning/courses.ts(943,9): error TS2741: Property 'difficulty' is missing in type '{ id: string; title: string; description: string; icon: string; color: string; }' but required in type 'LearningBadge'.
lib/learning/courses.ts(1123,9): error TS2741: Property 'difficulty' is missing in type '{ id: string; title: string; description: string; icon: string; color: string; }' but required in type 'LearningBadge'.
lib/learning/courses.ts(1303,9): error TS2741: Property 'difficulty' is missing in type '{ id: string; title: string; description: string; icon: string; color: string; }' but required in type 'LearningBadge'.
lib/learning/data.ts(38,5): error TS2740: Type '{}' is missing the following properties from type '{ id: string; title: string; description: string; estimatedDays: number; difficulty: "basic" | "intermediate" | "advanced" | "expert"; icon: string; color: string; displayOrder: number; genreCount: number; themeCount: number; status: "available" | ... 1 more ... | "draft"; genres?: Record<...>[] | undefined; }[]': length, pop, push, concat, and 35 more.
lib/learning/data.ts(50,7): error TS2322: Type '{ id: string; title: string; description: string; estimatedDays: number; difficulty: "beginner" | "intermediate" | "advanced"; icon: string; color: string; displayOrder: number; genreCount: number; themeCount: number; status: "available" | ... 1 more ... | "draft"; genres?: unknown[] | undefined; }[]' is not assignable to type '{ id: string; title: string; description: string; estimatedDays: number; difficulty: "basic" | "intermediate" | "advanced" | "expert"; icon: string; color: string; displayOrder: number; genreCount: number; themeCount: number; status: "available" | ... 1 more ... | "draft"; genres?: Record<...>[] | undefined; }[]'.
  Type '{ id: string; title: string; description: string; estimatedDays: number; difficulty: "beginner" | "intermediate" | "advanced"; icon: string; color: string; displayOrder: number; genreCount: number; themeCount: number; status: "available" | ... 1 more ... | "draft"; genres?: unknown[] | undefined; }' is not assignable to type '{ id: string; title: string; description: string; estimatedDays: number; difficulty: "basic" | "intermediate" | "advanced" | "expert"; icon: string; color: string; displayOrder: number; genreCount: number; themeCount: number; status: "available" | ... 1 more ... | "draft"; genres?: Record<...>[] | undefined; }'.
    Types of property 'difficulty' are incompatible.
      Type '"beginner" | "intermediate" | "advanced"' is not assignable to type '"basic" | "intermediate" | "advanced" | "expert"'.
        Type '"beginner"' is not assignable to type '"basic" | "intermediate" | "advanced" | "expert"'.
lib/learning/data.ts(57,7): error TS2322: Type 'Record<string, unknown>[]' is not assignable to type '{ id: string; title: string; description: string; estimatedDays: number; difficulty: "basic" | "intermediate" | "advanced" | "expert"; icon: string; color: string; displayOrder: number; genreCount: number; themeCount: number; status: "available" | ... 1 more ... | "draft"; genres?: Record<...>[] | undefined; }[]'.
  Type 'Record<string, unknown>' is missing the following properties from type '{ id: string; title: string; description: string; estimatedDays: number; difficulty: "basic" | "intermediate" | "advanced" | "expert"; icon: string; color: string; displayOrder: number; genreCount: number; themeCount: number; status: "available" | ... 1 more ... | "draft"; genres?: Record<...>[] | undefined; }': id, title, description, estimatedDays, and 7 more.
lib/learning/data.ts(62,3): error TS2322: Type 'Record<string, unknown>[]' is not assignable to type '{ id: string; title: string; description: string; estimatedDays: number; difficulty: "basic" | "intermediate" | "advanced" | "expert"; icon: string; color: string; displayOrder: number; genreCount: number; themeCount: number; status: "available" | ... 1 more ... | "draft"; genres?: Record<...>[] | undefined; }[]'.
  Type 'Record<string, unknown>' is missing the following properties from type '{ id: string; title: string; description: string; estimatedDays: number; difficulty: "basic" | "intermediate" | "advanced" | "expert"; icon: string; color: string; displayOrder: number; genreCount: number; themeCount: number; status: "available" | ... 1 more ... | "draft"; genres?: Record<...>[] | undefined; }': id, title, description, estimatedDays, and 7 more.
lib/learning/data.ts(115,5): error TS2740: Type '{}' is missing the following properties from type 'LearningCourse': id, title, description, estimatedDays, and 5 more.
lib/learning/data.ts(218,60): error TS2769: No overload matches this call.
  Overload 1 of 2, '(predicate: (value: unknown, index: number, array: unknown[]) => value is unknown, thisArg?: any): unknown[]', gave the following error.
    Argument of type '(p: Record<string, unknown>) => unknown' is not assignable to parameter of type '(value: unknown, index: number, array: unknown[]) => value is unknown'.
      Types of parameters 'p' and 'value' are incompatible.
        Type 'unknown' is not assignable to type 'Record<string, unknown>'.
  Overload 2 of 2, '(predicate: (value: unknown, index: number, array: unknown[]) => unknown, thisArg?: any): unknown[]', gave the following error.
    Argument of type '(p: Record<string, unknown>) => unknown' is not assignable to parameter of type '(value: unknown, index: number, array: unknown[]) => unknown'.
      Types of parameters 'p' and 'value' are incompatible.
        Type 'unknown' is not assignable to type 'Record<string, unknown>'.
lib/learning/data.ts(227,50): error TS2345: Argument of type '(p: Record<string, unknown>) => number' is not assignable to parameter of type '(value: unknown, index: number, array: unknown[]) => number'.
  Types of parameters 'p' and 'value' are incompatible.
    Type 'unknown' is not assignable to type 'Record<string, unknown>'.
lib/learning/data.ts(240,31): error TS18046: 'genre.themes' is of type 'unknown'.
lib/learning/data.ts(257,13): error TS2769: No overload matches this call.
  Overload 1 of 2, '(predicate: (value: unknown, index: number, array: unknown[]) => value is unknown, thisArg?: any): unknown[]', gave the following error.
    Argument of type '(p: Record<string, unknown>) => unknown' is not assignable to parameter of type '(value: unknown, index: number, array: unknown[]) => value is unknown'.
      Types of parameters 'p' and 'value' are incompatible.
        Type 'unknown' is not assignable to type 'Record<string, unknown>'.
  Overload 2 of 2, '(predicate: (value: unknown, index: number, array: unknown[]) => unknown, thisArg?: any): unknown[]', gave the following error.
    Argument of type '(p: Record<string, unknown>) => unknown' is not assignable to parameter of type '(value: unknown, index: number, array: unknown[]) => unknown'.
      Types of parameters 'p' and 'value' are incompatible.
        Type 'unknown' is not assignable to type 'Record<string, unknown>'.
lib/learning/data.ts(258,11): error TS2345: Argument of type '(a: Record<string, unknown>, b: Record<string, unknown>) => number' is not assignable to parameter of type '(a: unknown, b: unknown) => number'.
  Types of parameters 'a' and 'a' are incompatible.
    Type 'unknown' is not assignable to type 'Record<string, unknown>'.
lib/learning/supabase-data.ts(99,5): error TS2740: Type '{}' is missing the following properties from type '{ id: string; title: string; description: string; estimatedDays: number; difficulty: "beginner" | "intermediate" | "advanced"; icon: string; color: string; displayOrder: number; genreCount: number; themeCount: number; status: "available" | ... 1 more ... | "draft"; genres?: unknown[] | undefined; }[]': length, pop, push, concat, and 35 more.
lib/learning/supabase-data.ts(183,5): error TS2322: Type '{ id: string; title: string; description: string; estimatedDays: number; difficulty: "basic" | "intermediate" | "advanced" | "expert"; icon: string; color: string; displayOrder: number; genreCount: number; themeCount: number; status: "available" | ... 1 more ... | "draft"; }[]' is not assignable to type '{ id: string; title: string; description: string; estimatedDays: number; difficulty: "beginner" | "intermediate" | "advanced"; icon: string; color: string; displayOrder: number; genreCount: number; themeCount: number; status: "available" | ... 1 more ... | "draft"; genres?: unknown[] | undefined; }[]'.
  Type '{ id: string; title: string; description: string; estimatedDays: number; difficulty: "basic" | "intermediate" | "advanced" | "expert"; icon: string; color: string; displayOrder: number; genreCount: number; themeCount: number; status: "available" | "coming_soon" | "draft"; }' is not assignable to type '{ id: string; title: string; description: string; estimatedDays: number; difficulty: "beginner" | "intermediate" | "advanced"; icon: string; color: string; displayOrder: number; genreCount: number; themeCount: number; status: "available" | ... 1 more ... | "draft"; genres?: unknown[] | undefined; }'.
    Types of property 'difficulty' are incompatible.
      Type '"basic" | "intermediate" | "advanced" | "expert"' is not assignable to type '"beginner" | "intermediate" | "advanced"'.
        Type '"basic"' is not assignable to type '"beginner" | "intermediate" | "advanced"'.
lib/learning/supabase-data.ts(329,7): error TS2322: Type '{ id: string; title: string; description: string; categoryId: string; subcategoryId: string | undefined; estimatedDays: number; displayOrder: number; badge: unknown; themes: { id: string; title: string; ... 4 more ...; sessions: { ...; }[]; }[]; }[]' is not assignable to type 'LearningGenre[]'.
  Type '{ id: string; title: string; description: string; categoryId: string; subcategoryId: string | undefined; estimatedDays: number; displayOrder: number; badge: unknown; themes: { id: string; title: string; ... 4 more ...; sessions: { ...; }[]; }[]; }' is not assignable to type 'LearningGenre'.
    Types of property 'themes' are incompatible.
      Type '{ id: string; title: string; description: string; estimatedMinutes: number; displayOrder: number; rewardCard: unknown; sessions: { id: string; title: string; estimatedMinutes: number; type: "knowledge" | "practice" | "case_study"; displayOrder: number; content: { ...; }[]; quiz: { ...; }[]; }[]; }[]' is not assignable to type 'LearningTheme[]'.
        Type '{ id: string; title: string; description: string; estimatedMinutes: number; displayOrder: number; rewardCard: unknown; sessions: { id: string; title: string; estimatedMinutes: number; type: "knowledge" | "practice" | "case_study"; displayOrder: number; content: { ...; }[]; quiz: { ...; }[]; }[]; }' is not assignable to type 'LearningTheme'.
          Types of property 'sessions' are incompatible.
            Type '{ id: string; title: string; estimatedMinutes: number; type: "knowledge" | "practice" | "case_study"; displayOrder: number; content: { id: string; type: "text" | "image" | "video" | "example" | "key_points"; title: string | null; content: string; duration: number | null; displayOrder: number; }[]; quiz: { ...; }[]; ...' is not assignable to type 'LearningSession[]'.
              Type '{ id: string; title: string; estimatedMinutes: number; type: "knowledge" | "practice" | "case_study"; displayOrder: number; content: { id: string; type: "text" | "image" | "video" | "example" | "key_points"; title: string | null; content: string; duration: number | null; displayOrder: number; }[]; quiz: { ...; }[]; }' is not assignable to type 'LearningSession'.
                Types of property 'content' are incompatible.
                  Type '{ id: string; type: "text" | "image" | "video" | "example" | "key_points"; title: string | null; content: string; duration: number | null; displayOrder: number; }[]' is not assignable to type 'SessionContent[]'.
                    Type '{ id: string; type: "text" | "image" | "video" | "example" | "key_points"; title: string | null; content: string; duration: number | null; displayOrder: number; }' is not assignable to type 'SessionContent'.
                      Types of property 'title' are incompatible.
                        Type 'string | null' is not assignable to type 'string | undefined'.
                          Type 'null' is not assignable to type 'string | undefined'.
lib/storage.ts(540,16): error TS2345: Argument of type 'Record<string, unknown>' is not assignable to parameter of type 'StorageUser'.
  Type 'Record<string, unknown>' is missing the following properties from type 'StorageUser': id, name, auth, progress, and 3 more.
lib/storage.ts(541,3): error TS2740: Type 'Record<string, unknown>' is missing the following properties from type 'StorageUser': id, name, auth, progress, and 3 more.
lib/storage.ts(1179,5): error TS2531: Object is possibly 'null'.
lib/supabase-user.ts(165,86): error TS2345: Argument of type '{} | null' is not assignable to parameter of type 'string'.
  Type 'null' is not assignable to type 'string'.
lib/xp-level-system.ts(663,53): error TS18046: 'error' is of type 'unknown'.
lib/xp-level-system.ts(681,66): error TS18046: 'error' is of type 'unknown'.
lib/xp-level-system.ts(693,41): error TS18046: 'error' is of type 'unknown'.
lib/xp-level-system.ts(703,58): error TS18046: 'error' is of type 'unknown'.
scripts/analyze-data-reflection-status.ts(166,41): error TS2345: Argument of type 'string' is not assignable to parameter of type 'MainCategoryId | IndustryCategoryId'.
scripts/migrate-questions-to-db.ts(79,9): error TS2322: Type '{ legacy_id: number; category_id: string; subcategory: string | null; subcategory_id: string | null; question: string; option1: string; option2: string; option3: string; option4: string; correct_answer: number; ... 5 more ...; is_deleted: boolean; }[]' is not assignable to type 'DBQuestion[]'.
  Type '{ legacy_id: number; category_id: string; subcategory: string | null; subcategory_id: string | null; question: string; option1: string; option2: string; option3: string; option4: string; correct_answer: number; ... 5 more ...; is_deleted: boolean; }' is not assignable to type 'DBQuestion'.
    Types of property 'subcategory' are incompatible.
      Type 'string | null' is not assignable to type 'string | undefined'.
        Type 'null' is not assignable to type 'string | undefined'.
scripts/test-categories-client.ts(74,44): error TS2339: Property 'parentCategoryId' does not exist on type 'Subcategory'.
scripts/test-categories-client.ts(75,42): error TS2339: Property 'icon' does not exist on type 'Subcategory'.
