app/analytics/page.tsx(52,47): error TS2345: Argument of type '(industry: string) => void' is not assignable to parameter of type '(...args: unknown[]) => unknown'.
  Types of parameters 'industry' and 'args' are incompatible.
    Type 'unknown' is not assignable to type 'string'.
app/analytics/page.tsx(67,37): error TS2339: Property 'analytics' does not exist on type '{}'.
app/analytics/page.tsx(68,38): error TS2339: Property 'aiPatterns' does not exist on type '{}'.
app/analytics/page.tsx(69,39): error TS2339: Property 'optimalTime' does not exist on type '{}'.
app/analytics/page.tsx(70,33): error TS2339: Property 'hints' does not exist on type '{}'.
app/analytics/page.tsx(71,43): error TS2339: Property 'industryProfile' does not exist on type '{}'.
app/analytics/page.tsx(95,19): error TS7034: Variable 'progressData' implicitly has type 'any[]' in some locations where its type cannot be determined.
app/analytics/page.tsx(99,15): error TS7005: Variable 'progressData' implicitly has an 'any[]' type.
app/analytics/page.tsx(148,17): error TS7034: Variable 'progressData' implicitly has type 'any[]' in some locations where its type cannot be determined.
app/analytics/page.tsx(152,13): error TS7005: Variable 'progressData' implicitly has an 'any[]' type.
app/api/admin/learning/db/route.ts(29,68): error TS18047: 'e' is possibly 'null'.
app/api/admin/learning/db/route.ts(118,74): error TS18046: 'error' is of type 'unknown'.
app/api/admin/learning/db/route.ts(197,81): error TS18046: 'error' is of type 'unknown'.
app/api/admin/learning/db/route.ts(218,60): error TS18046: 'error' is of type 'unknown'.
app/api/admin/questions/db/route.ts(187,43): error TS18046: 'batchError' is of type 'unknown'.
app/api/admin/questions/db/route.ts(216,55): error TS18046: 'error' is of type 'unknown'.
app/api/admin/questions/db/route.ts(283,53): error TS18046: 'error' is of type 'unknown'.
app/categories/[categoryId]/page.tsx(236,43): error TS7053: Element implicitly has an 'any' type because expression of type 'string' can't be used to index type '{ 基礎: number; 中級: number; 上級: number; エキスパート: number; }'.
  No index signature with a parameter of type 'string' was found on type '{ 基礎: number; 中級: number; 上級: number; エキスパート: number; }'.
app/categories/[categoryId]/page.tsx(263,86): error TS7053: Element implicitly has an 'any' type because expression of type 'string' can't be used to index type '{ 基礎: number; 中級: number; 上級: number; エキスパート: number; }'.
  No index signature with a parameter of type 'string' was found on type '{ 基礎: number; 中級: number; 上級: number; エキスパート: number; }'.
app/categories/[categoryId]/page.tsx(288,100): error TS7053: Element implicitly has an 'any' type because expression of type 'string' can't be used to index type '{ 基礎: number; 中級: number; 上級: number; エキスパート: number; }'.
  No index signature with a parameter of type 'string' was found on type '{ 基礎: number; 中級: number; 上級: number; エキスパート: number; }'.
app/learning/[courseId]/page.tsx(77,44): error TS2339: Property 'completed' does not exist on type '{}'.
app/learning/[courseId]/page.tsx(84,44): error TS2345: Argument of type 'unknown' is not assignable to parameter of type 'string'.
app/learning/[courseId]/page.tsx(93,5): error TS18046: 'genre.themes' is of type 'unknown'.
app/learning/[courseId]/page.tsx(94,24): error TS18046: 'theme.sessions' is of type 'unknown'.
app/learning/[courseId]/page.tsx(95,7): error TS18046: 'theme.sessions' is of type 'unknown'.
app/learning/[courseId]/page.tsx(96,32): error TS2345: Argument of type 'unknown' is not assignable to parameter of type 'string'.
app/learning/[courseId]/page.tsx(175,32): error TS18046: 'categoryInfo.uniqueMainCategories' is of type 'unknown'.
app/learning/[courseId]/page.tsx(182,21): error TS2322: Type 'unknown[]' is not assignable to type 'ReactNode'.
  Type 'unknown[]' is not assignable to type 'Iterable<ReactNode>'.
    The types returned by '[Symbol.iterator]().next(...)' are incompatible between these types.
      Type 'IteratorResult<unknown, undefined>' is not assignable to type 'IteratorResult<ReactNode, any>'.
        Type 'IteratorYieldResult<unknown>' is not assignable to type 'IteratorResult<ReactNode, any>'.
          Type 'IteratorYieldResult<unknown>' is not assignable to type 'IteratorYieldResult<ReactNode>'.
            Type 'unknown' is not assignable to type 'ReactNode'.
app/learning/[courseId]/page.tsx(189,59): error TS2339: Property 'color' does not exist on type '{}'.
app/learning/[courseId]/page.tsx(190,53): error TS2339: Property 'color' does not exist on type '{}'.
app/learning/[courseId]/page.tsx(193,45): error TS2339: Property 'icon' does not exist on type '{}'.
app/learning/[courseId]/page.tsx(193,88): error TS2339: Property 'name' does not exist on type '{}'.
app/learning/[courseId]/page.tsx(206,54): error TS2345: Argument of type 'LearningGenre' is not assignable to parameter of type 'Record<string, unknown>'.
  Index signature for type 'string' is missing in type 'LearningGenre'.
app/learning/[courseId]/page.tsx(271,84): error TS2345: Argument of type 'LearningSession[]' is not assignable to parameter of type 'Record<string, unknown>[]'.
  Type 'LearningSession' is not assignable to type 'Record<string, unknown>'.
    Index signature for type 'string' is missing in type 'LearningSession'.
app/learning/page.tsx(75,22): error TS2345: Argument of type '{}' is not assignable to parameter of type 'SetStateAction<Record<string, unknown>[]>'.
app/learning/page.tsx(95,30): error TS2345: Argument of type '{ totalSessionsCompleted: number; totalAvailableSessions: number; totalTimeSpent: number; currentStreak: number; lastLearningDate: Date | null; }' is not assignable to parameter of type 'SetStateAction<{ totalSessionsCompleted: number; totalAvailableSessions: number; totalTimeSpent: number; currentStreak: number; lastLearningDate: null; }>'.
  Type '{ totalSessionsCompleted: number; totalAvailableSessions: number; totalTimeSpent: number; currentStreak: number; lastLearningDate: Date | null; }' is not assignable to type '{ totalSessionsCompleted: number; totalAvailableSessions: number; totalTimeSpent: number; currentStreak: number; lastLearningDate: null; }'.
    Types of property 'lastLearningDate' are incompatible.
      Type 'Date | null' is not assignable to type 'null'.
        Type 'Date' is not assignable to type 'null'.
app/learning/page.tsx(259,21): error TS2322: Type 'unknown' is not assignable to type 'Key | null | undefined'.
app/learning/page.tsx(260,21): error TS2740: Type 'Record<string, unknown>' is missing the following properties from type '{ id: string; title: string; description: string; estimatedDays: number; difficulty: "beginner" | "intermediate" | "advanced"; icon: string; color: string; displayOrder: number; genreCount: number; themeCount: number; status: "draft" | ... 1 more ... | "coming_soon"; genres?: unknown[] | undefined; }': id, title, description, estimatedDays, and 7 more.
app/learning/page.tsx(281,21): error TS2322: Type 'unknown' is not assignable to type 'Key | null | undefined'.
app/learning/page.tsx(282,21): error TS2740: Type 'Record<string, unknown>' is missing the following properties from type '{ id: string; title: string; description: string; estimatedDays: number; difficulty: "beginner" | "intermediate" | "advanced"; icon: string; color: string; displayOrder: number; genreCount: number; themeCount: number; status: "draft" | ... 1 more ... | "coming_soon"; genres?: unknown[] | undefined; }': id, title, description, estimatedDays, and 7 more.
app/login/page.tsx(86,19): error TS2339: Property 'message' does not exist on type '{}'.
app/onboarding/page.tsx(313,48): error TS2345: Argument of type '(prev: OnboardingData) => { weeklyGoal: unknown; industry?: string | undefined; jobTitle?: string | undefined; experienceYears?: number | undefined; learningGoals?: string[] | undefined; }' is not assignable to parameter of type 'SetStateAction<OnboardingData>'.
  Type '(prev: OnboardingData) => { weeklyGoal: unknown; industry?: string | undefined; jobTitle?: string | undefined; experienceYears?: number | undefined; learningGoals?: string[] | undefined; }' is not assignable to type '(prevState: OnboardingData) => OnboardingData'.
    Call signature return types '{ weeklyGoal: unknown; industry?: string | undefined; jobTitle?: string | undefined; experienceYears?: number | undefined; learningGoals?: string[] | undefined; }' and 'OnboardingData' are incompatible.
      The types of 'weeklyGoal' are incompatible between these types.
        Type 'unknown' is not assignable to type '"light" | "medium" | "heavy" | undefined'.
app/skp-history/page.tsx(46,27): error TS2345: Argument of type 'SKPTransaction[]' is not assignable to parameter of type 'SetStateAction<Record<string, unknown>[]>'.
  Type 'SKPTransaction[]' is not assignable to type 'Record<string, unknown>[]'.
    Type 'SKPTransaction' is not assignable to type 'Record<string, unknown>'.
      Index signature for type 'string' is missing in type 'SKPTransaction'.
app/skp-history/page.tsx(92,67): error TS18046: 't.amount' is of type 'unknown'.
app/skp-history/page.tsx(95,65): error TS18046: 't.amount' is of type 'unknown'.
app/skp-history/page.tsx(263,44): error TS2769: No overload matches this call.
  Overload 1 of 4, '(value: string | number | Date): Date', gave the following error.
    Argument of type 'unknown' is not assignable to parameter of type 'string | number | Date'.
  Overload 2 of 4, '(value: string | number): Date', gave the following error.
    Argument of type 'unknown' is not assignable to parameter of type 'string | number'.
app/skp-history/page.tsx(263,78): error TS2769: No overload matches this call.
  Overload 1 of 4, '(value: string | number | Date): Date', gave the following error.
    Argument of type 'unknown' is not assignable to parameter of type 'string | number | Date'.
  Overload 2 of 4, '(value: string | number): Date', gave the following error.
    Argument of type 'unknown' is not assignable to parameter of type 'string | number'.
app/skp-history/page.tsx(266,23): error TS2322: Type 'unknown' is not assignable to type 'Key | null | undefined'.
app/skp-history/page.tsx(270,45): error TS2345: Argument of type 'unknown' is not assignable to parameter of type 'string'.
app/skp-history/page.tsx(274,66): error TS2322: Type 'unknown' is not assignable to type 'ReactNode'.
app/skp-history/page.tsx(277,73): error TS2345: Argument of type 'unknown' is not assignable to parameter of type 'string'.
app/skp-history/page.tsx(279,31): error TS2322: Type 'unknown' is not assignable to type 'ReactNode'.
app/skp-history/page.tsx(288,47): error TS2345: Argument of type 'unknown' is not assignable to parameter of type 'string'.
app/skp-history/page.tsx(293,80): error TS2345: Argument of type 'unknown' is not assignable to parameter of type 'string'.
app/skp-history/page.tsx(294,68): error TS2322: Type 'unknown' is not assignable to type 'ReactNode'.
components/analytics/SkillRadarChart.tsx(55,23): error TS18046: 'context' is of type 'unknown'.
components/analytics/SkillRadarChart.tsx(55,49): error TS18046: 'context' is of type 'unknown'.
components/cards/KnowledgeCard.tsx(15,10): error TS2865: Import 'KnowledgeCard' conflicts with local value, so must be declared with a type-only import when 'isolatedModules' is enabled.
components/categories/CategoryGrid.tsx(50,25): error TS2345: Argument of type 'Question[]' is not assignable to parameter of type 'SetStateAction<Record<string, unknown>[]>'.
  Type 'Question[]' is not assignable to type 'Record<string, unknown>[]'.
    Type 'Question' is not assignable to type 'Record<string, unknown>'.
      Index signature for type 'string' is missing in type 'Question'.
components/categories/CategoryGrid.tsx(87,16): error TS2538: Type 'unknown' cannot be used as an index type.
components/categories/CategoryGrid.tsx(88,13): error TS2538: Type 'unknown' cannot be used as an index type.
components/categories/CategoryGrid.tsx(90,11): error TS2538: Type 'unknown' cannot be used as an index type.
components/categories/CategoryGrid.tsx(100,63): error TS2339: Property 'length' does not exist on type '{}'.
components/categories/CategoryGrid.tsx(111,30): error TS2571: Object is of type 'unknown'.
components/categories/CategoryGrid.tsx(265,89): error TS18046: 'stat.totalContents' is of type 'unknown'.
components/categories/CategoryGrid.tsx(269,36): error TS18046: 'stat.totalContents' is of type 'unknown'.
components/categories/CategoryGrid.tsx(269,62): error TS18046: 'stat.completedContents' is of type 'unknown'.
components/categories/CategoryGrid.tsx(269,87): error TS18046: 'stat.totalContents' is of type 'unknown'.
components/categories/CategoryGrid.tsx(308,19): error TS2322: Type 'Record<string, unknown> | { totalContents: number; completedContents: number; averageScore: number; learningTime: number; }' is not assignable to type '{ totalContents: number; completedContents: number; averageScore: number; learningTime: number; } | undefined'.
  Type 'Record<string, unknown>' is missing the following properties from type '{ totalContents: number; completedContents: number; averageScore: number; learningTime: number; }': totalContents, completedContents, averageScore, learningTime
components/categories/CategoryGrid.tsx(329,19): error TS2322: Type 'Record<string, unknown> | { totalContents: number; completedContents: number; averageScore: number; learningTime: number; }' is not assignable to type '{ totalContents: number; completedContents: number; averageScore: number; learningTime: number; } | undefined'.
  Type 'Record<string, unknown>' is missing the following properties from type '{ totalContents: number; completedContents: number; averageScore: number; learningTime: number; }': totalContents, completedContents, averageScore, learningTime
components/learning/CourseCard.tsx(56,65): error TS2345: Argument of type '{ id: string; title: string; description: string; estimatedDays: number; difficulty: "beginner" | "intermediate" | "advanced"; icon: string; color: string; displayOrder: number; genreCount: number; themeCount: number; status: "draft" | ... 1 more ... | "coming_soon"; genres?: unknown[] | undefined; }' is not assignable to parameter of type 'LearningCourse'.
  Types of property 'genres' are incompatible.
    Type 'unknown[] | undefined' is not assignable to type 'LearningGenre[]'.
      Type 'undefined' is not assignable to type 'LearningGenre[]'.
components/learning/CourseCard.tsx(102,17): error TS18046: 'cat' is of type 'unknown'.
components/learning/CourseCard.tsx(108,36): error TS18046: 'cat' is of type 'unknown'.
components/learning/CourseCard.tsx(109,30): error TS18046: 'cat' is of type 'unknown'.
components/learning/CourseCard.tsx(110,40): error TS18046: 'cat' is of type 'unknown'.
components/learning/CourseCard.tsx(114,22): error TS18046: 'cat' is of type 'unknown'.
components/learning/CourseCard.tsx(114,41): error TS18046: 'cat' is of type 'unknown'.
components/learning/LearningSession.tsx(238,46): error TS2339: Property 'completed' does not exist on type '{}'.
components/learning/LearningSession.tsx(258,27): error TS2345: Argument of type '{}' is not assignable to parameter of type 'SetStateAction<Record<string, unknown> | null>'.
components/learning/LearningSession.tsx(339,50): error TS2339: Property 'icon' does not exist on type 'LearningSession'.
components/learning/LearningSession.tsx(345,13): error TS2322: Type 'void' is not assignable to type 'ReactNode'.
components/learning/LearningSession.tsx(346,13): error TS2322: Type 'void' is not assignable to type 'ReactNode'.
components/learning/LearningSession.tsx(356,13): error TS2322: Type 'void' is not assignable to type 'ReactNode'.
components/learning/LearningSession.tsx(363,29): error TS2339: Property 'icon' does not exist on type 'LearningSession'.
components/learning/LearningSession.tsx(370,27): error TS18046: 'contentItem' is of type 'unknown'.
components/learning/LearningSession.tsx(371,20): error TS18046: 'contentItem' is of type 'unknown'.
components/learning/LearningSession.tsx(373,24): error TS18046: 'contentItem' is of type 'unknown'.
components/learning/LearningSession.tsx(377,20): error TS18046: 'contentItem' is of type 'unknown'.
components/learning/LearningSession.tsx(379,24): error TS18046: 'contentItem' is of type 'unknown'.
components/learning/LearningSession.tsx(389,20): error TS18046: 'contentItem' is of type 'unknown'.
components/learning/LearningSession.tsx(392,26): error TS18046: 'contentItem' is of type 'unknown'.
components/learning/LearningSession.tsx(404,20): error TS18046: 'contentItem' is of type 'unknown'.
components/learning/LearningSession.tsx(407,26): error TS18046: 'contentItem' is of type 'unknown'.
components/learning/LearningSession.tsx(636,29): error TS2769: No overload matches this call.
  Overload 1 of 4, '(value: string | number | Date): Date', gave the following error.
    Argument of type 'unknown' is not assignable to parameter of type 'string | number | Date'.
  Overload 2 of 4, '(value: string | number): Date', gave the following error.
    Argument of type 'unknown' is not assignable to parameter of type 'string | number'.
components/learning/LearningSession.tsx(645,63): error TS18046: 'badgeAwarded.badge' is of type 'unknown'.
components/learning/LearningSession.tsx(647,18): error TS18046: 'badgeAwarded.badge' is of type 'unknown'.
components/learning/LearningSession.tsx(650,23): error TS18046: 'badgeAwarded.earnedAt' is of type 'unknown'.
components/learning/LearningSession.tsx(652,15): error TS2322: Type 'unknown' is not assignable to type 'ReactNode'.
components/learning/LearningSession.tsx(654,49): error TS2339: Property 'toLocaleDateString' does not exist on type '{}'.
components/learning/LearningSession.tsx(658,27): error TS2769: No overload matches this call.
  Overload 1 of 4, '(value: string | number | Date): Date', gave the following error.
    Argument of type 'unknown' is not assignable to parameter of type 'string | number | Date'.
  Overload 2 of 4, '(value: string | number): Date', gave the following error.
    Argument of type 'unknown' is not assignable to parameter of type 'string | number'.
components/quiz/QuizSession.tsx(208,42): error TS2339: Property 'categoryProgress' does not exist on type 'UserProfile'.
components/quiz/QuizSession.tsx(209,49): error TS7006: Parameter 'cp' implicitly has an 'any' type.
components/quiz/QuizSession.tsx(289,7): error TS2322: Type 'number' is not assignable to type 'string'.
components/quiz/QuizSession.tsx(436,17): error TS2322: Type 'string | undefined' is not assignable to type 'string'.
  Type 'undefined' is not assignable to type 'string'.
components/quiz/QuizSession.tsx(437,17): error TS2322: Type 'null' is not assignable to type 'string | undefined'.
components/quiz/QuizSession.tsx(438,17): error TS2322: Type 'Question[]' is not assignable to type 'Record<string, unknown>[]'.
  Type 'Question' is not assignable to type 'Record<string, unknown>'.
    Index signature for type 'string' is missing in type 'Question'.
components/quiz/QuizSession.tsx(439,17): error TS2322: Type 'QuestionAnswer[]' is not assignable to type 'Record<string, unknown>[]'.
  Type 'QuestionAnswer' is not assignable to type 'Record<string, unknown>'.
    Index signature for type 'string' is missing in type 'QuestionAnswer'.
components/quiz/QuizSession.tsx(450,24): error TS18046: 'quizSaveError' is of type 'unknown'.
components/quiz/QuizSession.tsx(451,26): error TS18046: 'quizSaveError' is of type 'unknown'.
components/quiz/QuizSession.tsx(482,26): error TS18046: 'detailSaveError' is of type 'unknown'.
components/quiz/QuizSession.tsx(483,28): error TS18046: 'detailSaveError' is of type 'unknown'.
components/ui/select.tsx(113,36): error TS18046: 'option.props' is of type 'unknown'.
components/ui/select.tsx(114,12): error TS18046: 'option.props' is of type 'unknown'.
hooks/useUser.ts(48,34): error TS2345: Argument of type 'string | undefined' is not assignable to parameter of type 'string'.
  Type 'undefined' is not assignable to type 'string'.
hooks/useUser.ts(51,13): error TS2345: Argument of type '{ id?: string | undefined; name?: string | undefined; email?: string; auth?: AuthInfo | undefined; profile?: UserProfile; progress?: { currentLevel: number; ... 5 more ...; lastLearningDate?: string; } | undefined; ... 5 more ...; lastActiveAt?: string | undefined; }' is not assignable to parameter of type 'SetStateAction<StorageUser | null>'.
  Type '{ id?: string | undefined; name?: string | undefined; email?: string; auth?: AuthInfo | undefined; profile?: UserProfile; progress?: { currentLevel: number; ... 5 more ...; lastLearningDate?: string; } | undefined; ... 5 more ...; lastActiveAt?: string | undefined; }' is not assignable to type 'StorageUser'.
    Types of property 'id' are incompatible.
      Type 'string | undefined' is not assignable to type 'string'.
        Type 'undefined' is not assignable to type 'string'.
hooks/useUser.ts(52,18): error TS2345: Argument of type '{ id?: string | undefined; name?: string | undefined; email?: string; auth?: AuthInfo | undefined; profile?: UserProfile; progress?: { currentLevel: number; ... 5 more ...; lastLearningDate?: string; } | undefined; ... 5 more ...; lastActiveAt?: string | undefined; }' is not assignable to parameter of type 'StorageUser'.
  Types of property 'id' are incompatible.
    Type 'string | undefined' is not assignable to type 'string'.
      Type 'undefined' is not assignable to type 'string'.
lib/ai-analytics.ts(138,9): error TS2322: Type 'unknown' is not assignable to type 'LearningPattern'.
lib/ai-analytics.ts(191,55): error TS18046: 'record' is of type 'unknown'.
lib/ai-analytics.ts(195,27): error TS18046: 'record' is of type 'unknown'.
lib/ai-analytics.ts(197,27): error TS18046: 'record' is of type 'unknown'.
lib/ai-analytics.ts(198,26): error TS18046: 'record' is of type 'unknown'.
lib/ai-analytics.ts(199,26): error TS18046: 'record' is of type 'unknown'.
lib/ai-analytics.ts(200,26): error TS18046: 'record' is of type 'unknown'.
lib/ai-analytics.ts(203,82): error TS18046: 'record' is of type 'unknown'.
lib/ai-analytics.ts(219,67): error TS18046: 'session' is of type 'unknown'.
lib/ai-analytics.ts(222,36): error TS18046: 'session' is of type 'unknown'.
lib/ai-analytics.ts(225,34): error TS18046: 'session' is of type 'unknown'.
lib/ai-analytics.ts(228,47): error TS18046: 'session' is of type 'unknown'.
lib/ai-analytics.ts(229,31): error TS18046: 'session' is of type 'unknown'.
lib/ai-analytics.ts(230,30): error TS18046: 'session' is of type 'unknown'.
lib/ai-analytics.ts(234,89): error TS18046: 'session' is of type 'unknown'.
lib/ai-analytics.ts(253,19): error TS18046: 'session' is of type 'unknown'.
lib/ai-analytics.ts(417,7): error TS2322: Type '{ key: unknown; value: number; }[]' is not assignable to type '{ key: number; value: number; }[]'.
  Type '{ key: unknown; value: number; }' is not assignable to type '{ key: number; value: number; }'.
    Types of property 'key' are incompatible.
      Type 'unknown' is not assignable to type 'number'.
lib/ai-analytics.ts(452,7): error TS2322: Type '{ key: unknown; value: number; }[]' is not assignable to type '{ key: number; value: number; }[]'.
  Type '{ key: unknown; value: number; }' is not assignable to type '{ key: number; value: number; }'.
    Types of property 'key' are incompatible.
      Type 'unknown' is not assignable to type 'number'.
lib/ai-analytics.ts(586,7): error TS2322: Type '{ key: unknown; value: number; }[]' is not assignable to type '{ key: string; value: number; }[]'.
  Type '{ key: unknown; value: number; }' is not assignable to type '{ key: string; value: number; }'.
    Types of property 'key' are incompatible.
      Type 'unknown' is not assignable to type 'string'.
lib/ai-analytics.ts(804,16): error TS2532: Object is possibly 'undefined'.
lib/ai-analytics.ts(806,16): error TS2532: Object is possibly 'undefined'.
lib/ai-analytics.ts(808,16): error TS2532: Object is possibly 'undefined'.
lib/categories-backup.ts(59,5): error TS2322: Type '"analytical_problem_solving"' is not assignable to type 'MainCategoryId'.
lib/categories-backup.ts(73,5): error TS2322: Type '"leadership_management"' is not assignable to type 'MainCategoryId'.
lib/categories-backup.ts(87,5): error TS2322: Type '"business_strategy"' is not assignable to type 'MainCategoryId'.
lib/categories.ts(203,5): error TS2322: Type '"consulting_industry"' is not assignable to type 'IndustryCategoryId'.
lib/categories.ts(235,5): error TS2322: Type '"si_industry"' is not assignable to type 'IndustryCategoryId'.
lib/categories.ts(264,5): error TS2322: Type '"trading_company_industry"' is not assignable to type 'IndustryCategoryId'.
lib/categories.ts(474,5): error TS2353: Object literal may only specify known properties, and 'parentCategoryId' does not exist in type 'Subcategory'.
lib/categories.ts(482,5): error TS2353: Object literal may only specify known properties, and 'parentCategoryId' does not exist in type 'Subcategory'.
lib/categories.ts(490,5): error TS2353: Object literal may only specify known properties, and 'parentCategoryId' does not exist in type 'Subcategory'.
lib/categories.ts(500,5): error TS2353: Object literal may only specify known properties, and 'parentCategoryId' does not exist in type 'Subcategory'.
lib/categories.ts(508,5): error TS2353: Object literal may only specify known properties, and 'parentCategoryId' does not exist in type 'Subcategory'.
lib/categories.ts(516,5): error TS2353: Object literal may only specify known properties, and 'parentCategoryId' does not exist in type 'Subcategory'.
lib/categories.ts(526,5): error TS2353: Object literal may only specify known properties, and 'parentCategoryId' does not exist in type 'Subcategory'.
lib/categories.ts(534,5): error TS2353: Object literal may only specify known properties, and 'parentCategoryId' does not exist in type 'Subcategory'.
lib/categories.ts(542,5): error TS2353: Object literal may only specify known properties, and 'parentCategoryId' does not exist in type 'Subcategory'.
lib/categories.ts(552,5): error TS2353: Object literal may only specify known properties, and 'parentCategoryId' does not exist in type 'Subcategory'.
lib/categories.ts(560,5): error TS2353: Object literal may only specify known properties, and 'parentCategoryId' does not exist in type 'Subcategory'.
lib/categories.ts(568,5): error TS2353: Object literal may only specify known properties, and 'parentCategoryId' does not exist in type 'Subcategory'.
lib/categories.ts(583,3): error TS2322: Type '{ id: string; name: string; description: string; parentCategoryId: string; displayOrder: number; icon: string; }[]' is not assignable to type 'Subcategory[]'.
  Type '{ id: string; name: string; description: string; parentCategoryId: string; displayOrder: number; icon: string; }' is missing the following properties from type 'Subcategory': type, parentId
lib/course-completion.ts(42,43): error TS2339: Property 'completed' does not exist on type '{}'.
lib/course-completion.ts(104,56): error TS2339: Property 'badge' does not exist on type 'LearningCourse'.
lib/course-completion.ts(105,27): error TS2339: Property 'badge' does not exist on type 'LearningCourse'.
lib/course-completion.ts(106,30): error TS2339: Property 'badge' does not exist on type 'LearningCourse'.
lib/course-completion.ts(107,36): error TS2339: Property 'badge' does not exist on type 'LearningCourse'.
lib/course-completion.ts(108,29): error TS2339: Property 'badge' does not exist on type 'LearningCourse'.
lib/course-completion.ts(109,30): error TS2339: Property 'badge' does not exist on type 'LearningCourse'.
lib/course-completion.ts(110,38): error TS2339: Property 'badge' does not exist on type 'LearningCourse'.
lib/course-completion.ts(112,45): error TS2339: Property 'badge' does not exist on type 'LearningCourse'.
lib/course-completion.ts(214,43): error TS2339: Property 'completed' does not exist on type '{}'.
lib/course-completion.ts(257,43): error TS2339: Property 'completed' does not exist on type '{}'.
lib/industry-analytics.ts(153,9): error TS18046: 'p' is of type 'unknown'.
lib/industry-analytics.ts(154,9): error TS18046: 'p' is of type 'unknown'.
lib/industry-analytics.ts(167,90): error TS18046: 'p' is of type 'unknown'.
lib/industry-analytics.ts(178,57): error TS18046: 'p' is of type 'unknown'.
lib/industry-analytics.ts(429,57): error TS18046: 'gap' is of type 'unknown'.
lib/industry-analytics.ts(430,59): error TS18046: 'gap' is of type 'unknown'.
lib/industry-analytics.ts(438,57): error TS18046: 'gap' is of type 'unknown'.
lib/industry-analytics.ts(452,51): error TS18046: 'gap' is of type 'unknown'.
lib/industry-analytics.ts(453,56): error TS18046: 'gap' is of type 'unknown'.
lib/learning/courses.ts(27,9): error TS2741: Property 'difficulty' is missing in type '{ id: string; title: string; description: string; icon: string; color: string; }' but required in type 'LearningBadge'.
lib/learning/courses.ts(486,9): error TS2741: Property 'difficulty' is missing in type '{ id: string; title: string; description: string; icon: string; color: string; }' but required in type 'LearningBadge'.
lib/learning/courses.ts(666,9): error TS2741: Property 'difficulty' is missing in type '{ id: string; title: string; description: string; icon: string; color: string; }' but required in type 'LearningBadge'.
lib/learning/courses.ts(685,9): error TS2741: Property 'difficulty' is missing in type '{ id: string; title: string; description: string; icon: string; color: string; }' but required in type 'LearningBadge'.
lib/learning/courses.ts(763,9): error TS2741: Property 'difficulty' is missing in type '{ id: string; title: string; description: string; icon: string; color: string; }' but required in type 'LearningBadge'.
lib/learning/courses.ts(943,9): error TS2741: Property 'difficulty' is missing in type '{ id: string; title: string; description: string; icon: string; color: string; }' but required in type 'LearningBadge'.
lib/learning/courses.ts(1123,9): error TS2741: Property 'difficulty' is missing in type '{ id: string; title: string; description: string; icon: string; color: string; }' but required in type 'LearningBadge'.
lib/learning/courses.ts(1303,9): error TS2741: Property 'difficulty' is missing in type '{ id: string; title: string; description: string; icon: string; color: string; }' but required in type 'LearningBadge'.
lib/learning/data.ts(38,5): error TS2740: Type '{}' is missing the following properties from type '{ id: string; title: string; description: string; estimatedDays: number; difficulty: "beginner" | "intermediate" | "advanced"; icon: string; color: string; displayOrder: number; genreCount: number; themeCount: number; status: "draft" | ... 1 more ... | "coming_soon"; genres?: Record<...>[] | undefined; }[]': length, pop, push, concat, and 35 more.
lib/learning/data.ts(50,7): error TS2322: Type '{ id: string; title: string; description: string; estimatedDays: number; difficulty: "beginner" | "intermediate" | "advanced"; icon: string; color: string; displayOrder: number; genreCount: number; themeCount: number; status: "draft" | ... 1 more ... | "coming_soon"; genres?: unknown[] | undefined; }[]' is not assignable to type '{ id: string; title: string; description: string; estimatedDays: number; difficulty: "beginner" | "intermediate" | "advanced"; icon: string; color: string; displayOrder: number; genreCount: number; themeCount: number; status: "draft" | ... 1 more ... | "coming_soon"; genres?: Record<...>[] | undefined; }[]'.
  Type '{ id: string; title: string; description: string; estimatedDays: number; difficulty: "beginner" | "intermediate" | "advanced"; icon: string; color: string; displayOrder: number; genreCount: number; themeCount: number; status: "draft" | ... 1 more ... | "coming_soon"; genres?: unknown[] | undefined; }' is not assignable to type '{ id: string; title: string; description: string; estimatedDays: number; difficulty: "beginner" | "intermediate" | "advanced"; icon: string; color: string; displayOrder: number; genreCount: number; themeCount: number; status: "draft" | ... 1 more ... | "coming_soon"; genres?: Record<...>[] | undefined; }'.
    Types of property 'genres' are incompatible.
      Type 'unknown[] | undefined' is not assignable to type 'Record<string, unknown>[] | undefined'.
        Type 'unknown[]' is not assignable to type 'Record<string, unknown>[]'.
          Type 'unknown' is not assignable to type 'Record<string, unknown>'.
lib/learning/data.ts(57,7): error TS2322: Type 'Record<string, unknown>[]' is not assignable to type '{ id: string; title: string; description: string; estimatedDays: number; difficulty: "beginner" | "intermediate" | "advanced"; icon: string; color: string; displayOrder: number; genreCount: number; themeCount: number; status: "draft" | ... 1 more ... | "coming_soon"; genres?: Record<...>[] | undefined; }[]'.
  Type 'Record<string, unknown>' is missing the following properties from type '{ id: string; title: string; description: string; estimatedDays: number; difficulty: "beginner" | "intermediate" | "advanced"; icon: string; color: string; displayOrder: number; genreCount: number; themeCount: number; status: "draft" | ... 1 more ... | "coming_soon"; genres?: Record<...>[] | undefined; }': id, title, description, estimatedDays, and 7 more.
lib/learning/data.ts(62,3): error TS2322: Type 'Record<string, unknown>[]' is not assignable to type '{ id: string; title: string; description: string; estimatedDays: number; difficulty: "beginner" | "intermediate" | "advanced"; icon: string; color: string; displayOrder: number; genreCount: number; themeCount: number; status: "draft" | ... 1 more ... | "coming_soon"; genres?: Record<...>[] | undefined; }[]'.
  Type 'Record<string, unknown>' is missing the following properties from type '{ id: string; title: string; description: string; estimatedDays: number; difficulty: "beginner" | "intermediate" | "advanced"; icon: string; color: string; displayOrder: number; genreCount: number; themeCount: number; status: "draft" | ... 1 more ... | "coming_soon"; genres?: Record<...>[] | undefined; }': id, title, description, estimatedDays, and 7 more.
lib/learning/data.ts(115,5): error TS2740: Type '{}' is missing the following properties from type 'LearningCourse': id, title, description, estimatedDays, and 5 more.
lib/learning/data.ts(218,60): error TS2769: No overload matches this call.
  Overload 1 of 2, '(predicate: (value: unknown, index: number, array: unknown[]) => value is unknown, thisArg?: any): unknown[]', gave the following error.
    Argument of type '(p: Record<string, unknown>) => unknown' is not assignable to parameter of type '(value: unknown, index: number, array: unknown[]) => value is unknown'.
      Types of parameters 'p' and 'value' are incompatible.
        Type 'unknown' is not assignable to type 'Record<string, unknown>'.
  Overload 2 of 2, '(predicate: (value: unknown, index: number, array: unknown[]) => unknown, thisArg?: any): unknown[]', gave the following error.
    Argument of type '(p: Record<string, unknown>) => unknown' is not assignable to parameter of type '(value: unknown, index: number, array: unknown[]) => unknown'.
      Types of parameters 'p' and 'value' are incompatible.
        Type 'unknown' is not assignable to type 'Record<string, unknown>'.
lib/learning/data.ts(227,50): error TS2345: Argument of type '(p: Record<string, unknown>) => number' is not assignable to parameter of type '(value: unknown, index: number, array: unknown[]) => number'.
  Types of parameters 'p' and 'value' are incompatible.
    Type 'unknown' is not assignable to type 'Record<string, unknown>'.
lib/learning/data.ts(240,31): error TS18046: 'genre.themes' is of type 'unknown'.
lib/learning/data.ts(257,13): error TS2769: No overload matches this call.
  Overload 1 of 2, '(predicate: (value: unknown, index: number, array: unknown[]) => value is unknown, thisArg?: any): unknown[]', gave the following error.
    Argument of type '(p: Record<string, unknown>) => unknown' is not assignable to parameter of type '(value: unknown, index: number, array: unknown[]) => value is unknown'.
      Types of parameters 'p' and 'value' are incompatible.
        Type 'unknown' is not assignable to type 'Record<string, unknown>'.
  Overload 2 of 2, '(predicate: (value: unknown, index: number, array: unknown[]) => unknown, thisArg?: any): unknown[]', gave the following error.
    Argument of type '(p: Record<string, unknown>) => unknown' is not assignable to parameter of type '(value: unknown, index: number, array: unknown[]) => unknown'.
      Types of parameters 'p' and 'value' are incompatible.
        Type 'unknown' is not assignable to type 'Record<string, unknown>'.
lib/learning/data.ts(258,11): error TS2345: Argument of type '(a: Record<string, unknown>, b: Record<string, unknown>) => number' is not assignable to parameter of type '(a: unknown, b: unknown) => number'.
  Types of parameters 'a' and 'a' are incompatible.
    Type 'unknown' is not assignable to type 'Record<string, unknown>'.
lib/learning/supabase-data.ts(99,5): error TS2740: Type '{}' is missing the following properties from type '{ id: string; title: string; description: string; estimatedDays: number; difficulty: "beginner" | "intermediate" | "advanced"; icon: string; color: string; displayOrder: number; genreCount: number; themeCount: number; status: "draft" | ... 1 more ... | "coming_soon"; genres?: unknown[] | undefined; }[]': length, pop, push, concat, and 35 more.
lib/learning/supabase-data.ts(199,5): error TS2740: Type '{}' is missing the following properties from type 'LearningCourse': id, title, description, estimatedDays, and 5 more.
lib/learning/supabase-data.ts(329,7): error TS2322: Type '{ id: string; title: string; description: string; categoryId: string; subcategoryId: string | null; estimatedDays: number; displayOrder: number; badge: unknown; themes: { id: string; title: string; description: string; estimatedMinutes: number; displayOrder: number; rewardCard: unknown; sessions: { ...; }[]; }[]; }[]' is not assignable to type 'LearningGenre[]'.
  Type '{ id: string; title: string; description: string; categoryId: string; subcategoryId: string | null; estimatedDays: number; displayOrder: number; badge: unknown; themes: { id: string; title: string; description: string; estimatedMinutes: number; displayOrder: number; rewardCard: unknown; sessions: { ...; }[]; }[]; }' is not assignable to type 'LearningGenre'.
    Types of property 'subcategoryId' are incompatible.
      Type 'string | null' is not assignable to type 'string | undefined'.
        Type 'null' is not assignable to type 'string | undefined'.
lib/questions.ts(12,5): error TS2740: Type '{}' is missing the following properties from type 'Question[]': length, pop, push, concat, and 35 more.
lib/storage.ts(513,8): error TS18046: 'userData' is of type 'unknown'.
lib/storage.ts(514,5): error TS18046: 'userData' is of type 'unknown'.
lib/storage.ts(520,8): error TS18046: 'userData' is of type 'unknown'.
lib/storage.ts(521,5): error TS18046: 'userData' is of type 'unknown'.
lib/storage.ts(525,7): error TS18046: 'userData' is of type 'unknown'.
lib/storage.ts(526,5): error TS18046: 'userData' is of type 'unknown'.
lib/storage.ts(526,31): error TS18046: 'userData' is of type 'unknown'.
lib/storage.ts(529,8): error TS18046: 'userData' is of type 'unknown'.
lib/storage.ts(530,5): error TS18046: 'userData' is of type 'unknown'.
lib/storage.ts(534,8): error TS18046: 'userData' is of type 'unknown'.
lib/storage.ts(535,5): error TS18046: 'userData' is of type 'unknown'.
lib/storage.ts(1150,78): error TS2554: Expected 0 arguments, but got 1.
lib/storage.ts(1178,5): error TS2531: Object is possibly 'null'.
lib/storage.ts(1178,23): error TS2554: Expected 0 arguments, but got 1.
lib/storage.ts(1180,55): error TS2554: Expected 0 arguments, but got 1.
lib/storage.ts(1181,28): error TS2554: Expected 0 arguments, but got 1.
lib/storage.ts(1181,48): error TS2345: Argument of type '(success: boolean) => void' is not assignable to parameter of type '(value: void) => void | PromiseLike<void>'.
  Types of parameters 'success' and 'value' are incompatible.
    Type 'void' is not assignable to type 'boolean'.
lib/supabase-quiz.ts(56,45): error TS18046: 'saveError' is of type 'unknown'.
lib/xp-level-system.ts(663,53): error TS18046: 'error' is of type 'unknown'.
lib/xp-level-system.ts(681,66): error TS18046: 'error' is of type 'unknown'.
lib/xp-level-system.ts(693,41): error TS18046: 'error' is of type 'unknown'.
lib/xp-level-system.ts(703,58): error TS18046: 'error' is of type 'unknown'.
scripts/migrate-questions-to-db.ts(79,9): error TS2322: Type '{ legacy_id: number; category_id: string; subcategory: string | null; subcategory_id: string | null; question: string; option1: string; option2: string; option3: string; option4: string; correct_answer: number; ... 5 more ...; is_deleted: boolean; }[]' is not assignable to type 'DBQuestion[]'.
  Type '{ legacy_id: number; category_id: string; subcategory: string | null; subcategory_id: string | null; question: string; option1: string; option2: string; option3: string; option4: string; correct_answer: number; ... 5 more ...; is_deleted: boolean; }' is not assignable to type 'DBQuestion'.
    Types of property 'subcategory' are incompatible.
      Type 'string | null' is not assignable to type 'string | undefined'.
        Type 'null' is not assignable to type 'string | undefined'.
